Helpers.obj : error LNK2019: unresolved external symbol __imp_glutBitmapCharacter referenced in function "public: static void __cdecl Helpers::DrawTextA(class std::basic_string<char,struct std::char_traits<char>,class std::allocator<char> >,unsigned int,unsigned int)" (?DrawTextA@Helpers@@SAXV?$basic_string@DU?$char_traits@D@std@@V?$allocator@D@2@@std@@II@Z)
Helpers.obj : error LNK2019: unresolved external symbol __imp_glutSolidSphere referenced in function "public: static void __cdecl Helpers::DrawSphere(float,int,int)" (?DrawSphere@Helpers@@SAXMHH@Z)
Objects.obj : error LNK2019: unresolved external symbol __imp_glutSolidTeapot referenced in function "public: void __cdecl Furniture::Draw(void)" (?Draw@Furniture@@QEAAXXZ)
Scene.obj : error LNK2019: unresolved external symbol __imp_glutInit referenced in function "public: __cdecl Scene::Scene(int,char * *)" (??0Scene@@QEAA@HPEAPEAD@Z)
Scene.obj : error LNK2019: unresolved external symbol __imp_glutInitWindowPosition referenced in function "public: __cdecl Scene::Scene(int,char * *)" (??0Scene@@QEAA@HPEAPEAD@Z)
Scene.obj : error LNK2019: unresolved external symbol __imp_glutInitWindowSize referenced in function "public: __cdecl Scene::Scene(int,char * *)" (??0Scene@@QEAA@HPEAPEAD@Z)
Scene.obj : error LNK2019: unresolved external symbol __imp_glutInitDisplayMode referenced in function "public: __cdecl Scene::Scene(int,char * *)" (??0Scene@@QEAA@HPEAPEAD@Z)
Scene.obj : error LNK2019: unresolved external symbol __imp_glutMainLoop referenced in function "public: __cdecl Scene::Scene(int,char * *)" (??0Scene@@QEAA@HPEAPEAD@Z)
Scene.obj : error LNK2019: unresolved external symbol __imp_glutCreateWindow referenced in function "public: __cdecl Scene::Scene(int,char * *)" (??0Scene@@QEAA@HPEAPEAD@Z)
Scene.obj : error LNK2019: unresolved external symbol __imp_glutPostRedisplay referenced in function "public: void __cdecl Scene::OnMenuClick(int)" (?OnMenuClick@Scene@@QEAAXH@Z)
Scene.obj : error LNK2019: unresolved external symbol __imp_glutSwapBuffers referenced in function "public: void __cdecl Scene::Draw(void)" (?Draw@Scene@@QEAAXXZ)
Scene.obj : error LNK2019: unresolved external symbol __imp_glutCreateMenu referenced in function "private: void __cdecl Scene::InitMenu(void)" (?InitMenu@Scene@@AEAAXXZ)
Scene.obj : error LNK2019: unresolved external symbol __imp_glutAddMenuEntry referenced in function "private: void __cdecl Scene::InitMenu(void)" (?InitMenu@Scene@@AEAAXXZ)
Scene.obj : error LNK2019: unresolved external symbol __imp_glutAddSubMenu referenced in function "private: void __cdecl Scene::InitMenu(void)" (?InitMenu@Scene@@AEAAXXZ)
Scene.obj : error LNK2019: unresolved external symbol __imp_glutAttachMenu referenced in function "private: void __cdecl Scene::InitMenu(void)" (?InitMenu@Scene@@AEAAXXZ)
Scene.obj : error LNK2019: unresolved external symbol __imp_glutKeyboardFunc referenced in function "public: __cdecl Scene::Scene(int,char * *)" (??0Scene@@QEAA@HPEAPEAD@Z)
Scene.obj : error LNK2019: unresolved external symbol __imp_glutSpecialFunc referenced in function "public: __cdecl Scene::Scene(int,char * *)" (??0Scene@@QEAA@HPEAPEAD@Z)
Scene.obj : error LNK2019: unresolved external symbol __imp_glutReshapeFunc referenced in function "public: __cdecl Scene::Scene(int,char * *)" (??0Scene@@QEAA@HPEAPEAD@Z)
Scene.obj : error LNK2019: unresolved external symbol __imp_glutDisplayFunc referenced in function "public: __cdecl Scene::Scene(int,char * *)" (??0Scene@@QEAA@HPEAPEAD@Z)
Scene.obj : error LNK2019: unresolved external symbol __imp_glutGet referenced in function "public: __cdecl Scene::Scene(int,char * *)" (??0Scene@@QEAA@HPEAPEAD@Z)
libs\glut32.lib : warning LNK4272: library machine type 'x86' conflicts with target machine type 'x64'
H:\Open Univeristy\סמסטר ד\גרפיקה ממוחשבת\opengl-dog-master\x64\Debug\mmn17.exe : fatal error LNK1120: 20 unresolved externals
